{"C:\\Users\\aleet\\OneDrive\\桌面\\mosh-redux\\redux-starter\\src\\math.js": {"path":"C:\\Users\\aleet\\OneDrive\\桌面\\mosh-redux\\redux-starter\\src\\math.js","statementMap":{"0":{"start":{"line":1,"column":22},"end":{"line":1,"column":50}},"1":{"start":{"line":1,"column":34},"end":{"line":1,"column":50}}},"fnMap":{"0":{"name":"(anonymous_0)","decl":{"start":{"line":1,"column":22},"end":{"line":1,"column":23}},"loc":{"start":{"line":1,"column":34},"end":{"line":1,"column":50}},"line":1}},"branchMap":{},"s":{"0":1,"1":2},"f":{"0":2},"b":{},"_coverageSchema":"1a1c01bbd47fc00a2c39e90264f33305004495a9","hash":"7060a7ca56c9362d173c4767b6e9cbbb616d0107"}
,"C:\\Users\\aleet\\OneDrive\\桌面\\mosh-redux\\redux-starter\\src\\store\\api.js": {"path":"C:\\Users\\aleet\\OneDrive\\桌面\\mosh-redux\\redux-starter\\src\\store\\api.js","statementMap":{"0":{"start":{"line":3,"column":28},"end":{"line":3,"column":56}},"1":{"start":{"line":4,"column":30},"end":{"line":4,"column":60}},"2":{"start":{"line":5,"column":29},"end":{"line":5,"column":58}}},"fnMap":{},"branchMap":{},"s":{"0":1,"1":1,"2":1},"f":{},"b":{},"_coverageSchema":"1a1c01bbd47fc00a2c39e90264f33305004495a9","hash":"2bd3ad6d95e9f42a200f9e54b6f748c0958bb83d"}
,"C:\\Users\\aleet\\OneDrive\\桌面\\mosh-redux\\redux-starter\\src\\store\\bugs.js": {"path":"C:\\Users\\aleet\\OneDrive\\桌面\\mosh-redux\\redux-starter\\src\\store\\bugs.js","statementMap":{"0":{"start":{"line":6,"column":14},"end":{"line":41,"column":2}},"1":{"start":{"line":16,"column":6},"end":{"line":16,"column":37}},"2":{"start":{"line":19,"column":20},"end":{"line":19,"column":78}},"3":{"start":{"line":19,"column":49},"end":{"line":19,"column":77}},"4":{"start":{"line":20,"column":6},"end":{"line":20,"column":39}},"5":{"start":{"line":24,"column":36},"end":{"line":24,"column":50}},"6":{"start":{"line":25,"column":20},"end":{"line":25,"column":66}},"7":{"start":{"line":25,"column":49},"end":{"line":25,"column":65}},"8":{"start":{"line":26,"column":6},"end":{"line":26,"column":39}},"9":{"start":{"line":29,"column":6},"end":{"line":29,"column":33}},"10":{"start":{"line":30,"column":6},"end":{"line":30,"column":27}},"11":{"start":{"line":32,"column":6},"end":{"line":32,"column":34}},"12":{"start":{"line":35,"column":6},"end":{"line":35,"column":26}},"13":{"start":{"line":38,"column":6},"end":{"line":38,"column":27}},"14":{"start":{"line":44,"column":12},"end":{"line":44,"column":19}},"15":{"start":{"line":50,"column":24},"end":{"line":67,"column":1}},"16":{"start":{"line":50,"column":30},"end":{"line":67,"column":1}},"17":{"start":{"line":51,"column":24},"end":{"line":51,"column":48}},"18":{"start":{"line":54,"column":22},"end":{"line":54,"column":65}},"19":{"start":{"line":55,"column":2},"end":{"line":55,"column":31}},"20":{"start":{"line":55,"column":24},"end":{"line":55,"column":31}},"21":{"start":{"line":57,"column":2},"end":{"line":66,"column":4}},"22":{"start":{"line":69,"column":22},"end":{"line":75,"column":4}},"23":{"start":{"line":70,"column":2},"end":{"line":75,"column":4}},"24":{"start":{"line":77,"column":26},"end":{"line":83,"column":4}},"25":{"start":{"line":78,"column":2},"end":{"line":83,"column":4}},"26":{"start":{"line":85,"column":33},"end":{"line":89,"column":1}},"27":{"start":{"line":86,"column":13},"end":{"line":86,"column":32}},"28":{"start":{"line":87,"column":13},"end":{"line":87,"column":36}},"29":{"start":{"line":88,"column":22},"end":{"line":88,"column":62}},"30":{"start":{"line":88,"column":48},"end":{"line":88,"column":61}},"31":{"start":{"line":99,"column":4},"end":{"line":99,"column":17}}},"fnMap":{"0":{"name":"(anonymous_0)","decl":{"start":{"line":15,"column":14},"end":{"line":15,"column":15}},"loc":{"start":{"line":15,"column":32},"end":{"line":17,"column":5}},"line":15},"1":{"name":"(anonymous_1)","decl":{"start":{"line":18,"column":17},"end":{"line":18,"column":18}},"loc":{"start":{"line":18,"column":35},"end":{"line":21,"column":5}},"line":18},"2":{"name":"(anonymous_2)","decl":{"start":{"line":19,"column":40},"end":{"line":19,"column":41}},"loc":{"start":{"line":19,"column":49},"end":{"line":19,"column":77}},"line":19},"3":{"name":"(anonymous_3)","decl":{"start":{"line":22,"column":23},"end":{"line":22,"column":24}},"loc":{"start":{"line":22,"column":41},"end":{"line":27,"column":5}},"line":22},"4":{"name":"(anonymous_4)","decl":{"start":{"line":25,"column":40},"end":{"line":25,"column":41}},"loc":{"start":{"line":25,"column":49},"end":{"line":25,"column":65}},"line":25},"5":{"name":"(anonymous_5)","decl":{"start":{"line":28,"column":18},"end":{"line":28,"column":19}},"loc":{"start":{"line":28,"column":36},"end":{"line":33,"column":5}},"line":28},"6":{"name":"(anonymous_6)","decl":{"start":{"line":34,"column":17},"end":{"line":34,"column":18}},"loc":{"start":{"line":34,"column":35},"end":{"line":36,"column":5}},"line":34},"7":{"name":"(anonymous_7)","decl":{"start":{"line":37,"column":23},"end":{"line":37,"column":24}},"loc":{"start":{"line":37,"column":41},"end":{"line":39,"column":5}},"line":37},"8":{"name":"(anonymous_8)","decl":{"start":{"line":50,"column":24},"end":{"line":50,"column":25}},"loc":{"start":{"line":50,"column":30},"end":{"line":67,"column":1}},"line":50},"9":{"name":"(anonymous_9)","decl":{"start":{"line":50,"column":30},"end":{"line":50,"column":31}},"loc":{"start":{"line":50,"column":54},"end":{"line":67,"column":1}},"line":50},"10":{"name":"(anonymous_10)","decl":{"start":{"line":69,"column":22},"end":{"line":69,"column":23}},"loc":{"start":{"line":70,"column":2},"end":{"line":75,"column":4}},"line":70},"11":{"name":"(anonymous_11)","decl":{"start":{"line":77,"column":26},"end":{"line":77,"column":27}},"loc":{"start":{"line":78,"column":2},"end":{"line":83,"column":4}},"line":78},"12":{"name":"(anonymous_12)","decl":{"start":{"line":86,"column":2},"end":{"line":86,"column":3}},"loc":{"start":{"line":86,"column":13},"end":{"line":86,"column":32}},"line":86},"13":{"name":"(anonymous_13)","decl":{"start":{"line":87,"column":2},"end":{"line":87,"column":3}},"loc":{"start":{"line":87,"column":13},"end":{"line":87,"column":36}},"line":87},"14":{"name":"(anonymous_14)","decl":{"start":{"line":88,"column":2},"end":{"line":88,"column":3}},"loc":{"start":{"line":88,"column":22},"end":{"line":88,"column":62}},"line":88},"15":{"name":"(anonymous_15)","decl":{"start":{"line":88,"column":39},"end":{"line":88,"column":40}},"loc":{"start":{"line":88,"column":48},"end":{"line":88,"column":61}},"line":88}},"branchMap":{"0":{"loc":{"start":{"line":55,"column":2},"end":{"line":55,"column":31}},"type":"if","locations":[{"start":{"line":55,"column":2},"end":{"line":55,"column":31}},{"start":{},"end":{}}],"line":55}},"s":{"0":1,"1":3,"2":1,"3":1,"4":1,"5":0,"6":0,"7":0,"8":0,"9":4,"10":4,"11":4,"12":5,"13":1,"14":1,"15":1,"16":6,"17":6,"18":6,"19":6,"20":1,"21":5,"22":1,"23":4,"24":1,"25":2,"26":1,"27":1,"28":1,"29":1,"30":3,"31":1},"f":{"0":3,"1":1,"2":1,"3":0,"4":0,"5":4,"6":5,"7":1,"8":6,"9":6,"10":4,"11":2,"12":1,"13":1,"14":1,"15":3},"b":{"0":[1,5]},"_coverageSchema":"1a1c01bbd47fc00a2c39e90264f33305004495a9","hash":"fb9e6caf81112ad9f503f646d8d3bd7df23e6988"}
,"C:\\Users\\aleet\\OneDrive\\桌面\\mosh-redux\\redux-starter\\src\\store\\configureStore.js": {"path":"C:\\Users\\aleet\\OneDrive\\桌面\\mosh-redux\\redux-starter\\src\\store\\configureStore.js","statementMap":{"0":{"start":{"line":9,"column":2},"end":{"line":12,"column":5}}},"fnMap":{"0":{"name":"(anonymous_0)","decl":{"start":{"line":7,"column":15},"end":{"line":7,"column":16}},"loc":{"start":{"line":7,"column":27},"end":{"line":13,"column":1}},"line":7}},"branchMap":{},"s":{"0":10},"f":{"0":10},"b":{},"_coverageSchema":"1a1c01bbd47fc00a2c39e90264f33305004495a9","hash":"f6ef3e5c89c45a5a89da6d503ec829023f75a35c"}
,"C:\\Users\\aleet\\OneDrive\\桌面\\mosh-redux\\redux-starter\\src\\store\\entities.js": {"path":"C:\\Users\\aleet\\OneDrive\\桌面\\mosh-redux\\redux-starter\\src\\store\\entities.js","statementMap":{},"fnMap":{},"branchMap":{},"s":{},"f":{},"b":{},"_coverageSchema":"1a1c01bbd47fc00a2c39e90264f33305004495a9","hash":"1cd7c21a09d82b6f360099a2714e459aabccdb8f"}
,"C:\\Users\\aleet\\OneDrive\\桌面\\mosh-redux\\redux-starter\\src\\store\\projects.js": {"path":"C:\\Users\\aleet\\OneDrive\\桌面\\mosh-redux\\redux-starter\\src\\store\\projects.js","statementMap":{"0":{"start":{"line":3,"column":13},"end":{"line":3,"column":14}},"1":{"start":{"line":4,"column":14},"end":{"line":16,"column":2}},"2":{"start":{"line":10,"column":6},"end":{"line":13,"column":9}},"3":{"start":{"line":18,"column":32},"end":{"line":18,"column":45}}},"fnMap":{"0":{"name":"(anonymous_0)","decl":{"start":{"line":9,"column":18},"end":{"line":9,"column":19}},"loc":{"start":{"line":9,"column":40},"end":{"line":14,"column":5}},"line":9}},"branchMap":{},"s":{"0":1,"1":1,"2":0,"3":1},"f":{"0":0},"b":{},"_coverageSchema":"1a1c01bbd47fc00a2c39e90264f33305004495a9","hash":"6fd2cc009a57ce750f5f8eeed79baf80af6e958c"}
,"C:\\Users\\aleet\\OneDrive\\桌面\\mosh-redux\\redux-starter\\src\\store\\reducer.js": {"path":"C:\\Users\\aleet\\OneDrive\\桌面\\mosh-redux\\redux-starter\\src\\store\\reducer.js","statementMap":{},"fnMap":{},"branchMap":{},"s":{},"f":{},"b":{},"_coverageSchema":"1a1c01bbd47fc00a2c39e90264f33305004495a9","hash":"895b67cacb389cf767e52f79232eca3f3e749ba9"}
,"C:\\Users\\aleet\\OneDrive\\桌面\\mosh-redux\\redux-starter\\src\\store\\users.js": {"path":"C:\\Users\\aleet\\OneDrive\\桌面\\mosh-redux\\redux-starter\\src\\store\\users.js","statementMap":{"0":{"start":{"line":3,"column":13},"end":{"line":3,"column":14}},"1":{"start":{"line":4,"column":14},"end":{"line":15,"column":2}},"2":{"start":{"line":9,"column":6},"end":{"line":12,"column":9}},"3":{"start":{"line":17,"column":29},"end":{"line":17,"column":42}}},"fnMap":{"0":{"name":"(anonymous_0)","decl":{"start":{"line":8,"column":15},"end":{"line":8,"column":16}},"loc":{"start":{"line":8,"column":34},"end":{"line":13,"column":5}},"line":8}},"branchMap":{},"s":{"0":1,"1":1,"2":0,"3":1},"f":{"0":0},"b":{},"_coverageSchema":"1a1c01bbd47fc00a2c39e90264f33305004495a9","hash":"582273a85732b50f3c03eed60a650cf2b6279a05"}
,"C:\\Users\\aleet\\OneDrive\\桌面\\mosh-redux\\redux-starter\\src\\store\\middleware\\api.js": {"path":"C:\\Users\\aleet\\OneDrive\\桌面\\mosh-redux\\redux-starter\\src\\store\\middleware\\api.js","statementMap":{"0":{"start":{"line":4,"column":12},"end":{"line":32,"column":1}},"1":{"start":{"line":4,"column":23},"end":{"line":32,"column":1}},"2":{"start":{"line":4,"column":33},"end":{"line":32,"column":1}},"3":{"start":{"line":5,"column":2},"end":{"line":8,"column":3}},"4":{"start":{"line":6,"column":4},"end":{"line":6,"column":17}},"5":{"start":{"line":7,"column":4},"end":{"line":7,"column":11}},"6":{"start":{"line":9,"column":61},"end":{"line":9,"column":75}},"7":{"start":{"line":11,"column":2},"end":{"line":11,"column":49}},"8":{"start":{"line":11,"column":15},"end":{"line":11,"column":49}},"9":{"start":{"line":13,"column":2},"end":{"line":13,"column":15}},"10":{"start":{"line":15,"column":2},"end":{"line":31,"column":3}},"11":{"start":{"line":16,"column":21},"end":{"line":21,"column":6}},"12":{"start":{"line":23,"column":4},"end":{"line":23,"column":58}},"13":{"start":{"line":25,"column":4},"end":{"line":25,"column":79}},"14":{"start":{"line":25,"column":19},"end":{"line":25,"column":79}},"15":{"start":{"line":28,"column":4},"end":{"line":28,"column":57}},"16":{"start":{"line":30,"column":4},"end":{"line":30,"column":75}},"17":{"start":{"line":30,"column":17},"end":{"line":30,"column":75}}},"fnMap":{"0":{"name":"(anonymous_0)","decl":{"start":{"line":4,"column":12},"end":{"line":4,"column":13}},"loc":{"start":{"line":4,"column":23},"end":{"line":32,"column":1}},"line":4},"1":{"name":"(anonymous_1)","decl":{"start":{"line":4,"column":23},"end":{"line":4,"column":24}},"loc":{"start":{"line":4,"column":33},"end":{"line":32,"column":1}},"line":4},"2":{"name":"(anonymous_2)","decl":{"start":{"line":4,"column":33},"end":{"line":4,"column":34}},"loc":{"start":{"line":4,"column":51},"end":{"line":32,"column":1}},"line":4}},"branchMap":{"0":{"loc":{"start":{"line":5,"column":2},"end":{"line":8,"column":3}},"type":"if","locations":[{"start":{"line":5,"column":2},"end":{"line":8,"column":3}},{"start":{},"end":{}}],"line":5},"1":{"loc":{"start":{"line":11,"column":2},"end":{"line":11,"column":49}},"type":"if","locations":[{"start":{"line":11,"column":2},"end":{"line":11,"column":49}},{"start":{},"end":{}}],"line":11},"2":{"loc":{"start":{"line":25,"column":4},"end":{"line":25,"column":79}},"type":"if","locations":[{"start":{"line":25,"column":4},"end":{"line":25,"column":79}},{"start":{},"end":{}}],"line":25},"3":{"loc":{"start":{"line":30,"column":4},"end":{"line":30,"column":75}},"type":"if","locations":[{"start":{"line":30,"column":4},"end":{"line":30,"column":75}},{"start":{},"end":{}}],"line":30}},"s":{"0":1,"1":10,"2":10,"3":36,"4":25,"5":25,"6":11,"7":11,"8":5,"9":11,"10":11,"11":11,"12":8,"13":8,"14":8,"15":3,"16":3,"17":1},"f":{"0":10,"1":10,"2":36},"b":{"0":[25,11],"1":[5,6],"2":[8,0],"3":[1,2]},"_coverageSchema":"1a1c01bbd47fc00a2c39e90264f33305004495a9","hash":"6e3481c48d7d7d90876d62c8982421b67b85db0b"}
,"C:\\Users\\aleet\\OneDrive\\桌面\\mosh-redux\\redux-starter\\src\\store\\middleware\\func.js": {"path":"C:\\Users\\aleet\\OneDrive\\桌面\\mosh-redux\\redux-starter\\src\\store\\middleware\\func.js","statementMap":{"0":{"start":{"line":1,"column":13},"end":{"line":5,"column":1}},"1":{"start":{"line":1,"column":24},"end":{"line":5,"column":1}},"2":{"start":{"line":1,"column":34},"end":{"line":5,"column":1}},"3":{"start":{"line":2,"column":2},"end":{"line":4,"column":29}},"4":{"start":{"line":3,"column":4},"end":{"line":3,"column":50}},"5":{"start":{"line":4,"column":9},"end":{"line":4,"column":29}}},"fnMap":{"0":{"name":"(anonymous_0)","decl":{"start":{"line":1,"column":13},"end":{"line":1,"column":14}},"loc":{"start":{"line":1,"column":24},"end":{"line":5,"column":1}},"line":1},"1":{"name":"(anonymous_1)","decl":{"start":{"line":1,"column":24},"end":{"line":1,"column":25}},"loc":{"start":{"line":1,"column":34},"end":{"line":5,"column":1}},"line":1},"2":{"name":"(anonymous_2)","decl":{"start":{"line":1,"column":34},"end":{"line":1,"column":35}},"loc":{"start":{"line":1,"column":46},"end":{"line":5,"column":1}},"line":1}},"branchMap":{"0":{"loc":{"start":{"line":2,"column":2},"end":{"line":4,"column":29}},"type":"if","locations":[{"start":{"line":2,"column":2},"end":{"line":4,"column":29}},{"start":{"line":4,"column":9},"end":{"line":4,"column":29}}],"line":2}},"s":{"0":1,"1":10,"2":10,"3":42,"4":6,"5":36},"f":{"0":10,"1":10,"2":42},"b":{"0":[6,36]},"_coverageSchema":"1a1c01bbd47fc00a2c39e90264f33305004495a9","hash":"c42af357e9d780c15c87f9ab6dd40848aeccc4b5"}
,"C:\\Users\\aleet\\OneDrive\\桌面\\mosh-redux\\redux-starter\\src\\store\\middleware\\toastify.js": {"path":"C:\\Users\\aleet\\OneDrive\\桌面\\mosh-redux\\redux-starter\\src\\store\\middleware\\toastify.js","statementMap":{"0":{"start":{"line":1,"column":17},"end":{"line":6,"column":1}},"1":{"start":{"line":1,"column":28},"end":{"line":6,"column":1}},"2":{"start":{"line":1,"column":38},"end":{"line":6,"column":1}},"3":{"start":{"line":2,"column":2},"end":{"line":5,"column":3}},"4":{"start":{"line":2,"column":31},"end":{"line":2,"column":80}},"5":{"start":{"line":4,"column":4},"end":{"line":4,"column":24}}},"fnMap":{"0":{"name":"(anonymous_0)","decl":{"start":{"line":1,"column":17},"end":{"line":1,"column":18}},"loc":{"start":{"line":1,"column":28},"end":{"line":6,"column":1}},"line":1},"1":{"name":"(anonymous_1)","decl":{"start":{"line":1,"column":28},"end":{"line":1,"column":29}},"loc":{"start":{"line":1,"column":38},"end":{"line":6,"column":1}},"line":1},"2":{"name":"(anonymous_2)","decl":{"start":{"line":1,"column":38},"end":{"line":1,"column":39}},"loc":{"start":{"line":1,"column":50},"end":{"line":6,"column":1}},"line":1}},"branchMap":{"0":{"loc":{"start":{"line":2,"column":2},"end":{"line":5,"column":3}},"type":"if","locations":[{"start":{"line":2,"column":2},"end":{"line":5,"column":3}},{"start":{"line":3,"column":7},"end":{"line":5,"column":3}}],"line":2}},"s":{"0":1,"1":10,"2":10,"3":36,"4":0,"5":36},"f":{"0":10,"1":10,"2":36},"b":{"0":[0,36]},"_coverageSchema":"1a1c01bbd47fc00a2c39e90264f33305004495a9","hash":"e7c9e33f5b73a655490441ff1d711073fd981368"}
}
